# JRE version: OpenJDK Runtime Environment (8.0_242-b01) (build 1.8.0_242-release-1644-b01)
# Java VM: OpenJDK 64-Bit Server VM (25.242-b01 mixed mode windows-amd64 compressed oops)
Heap:
 PSYoungGen      total 427520K, used 48729K [0x00000000d5580000, 0x00000000ffa00000, 0x0000000100000000)
  eden space 406016K, 12% used [0x00000000d5580000,0x00000000d85166e0,0x00000000ee200000)
  from space 21504K, 0% used [0x00000000ee200000,0x00000000ee200000,0x00000000ef700000)
  to   space 26112K, 0% used [0x00000000fe080000,0x00000000fe080000,0x00000000ffa00000)
 ParOldGen       total 126976K, used 35535K [0x0000000080000000, 0x0000000087c00000, 0x00000000d5580000)
  object space 126976K, 27% used [0x0000000080000000,0x00000000822b3f98,0x0000000087c00000)
 Metaspace       used 59391K, capacity 61658K, committed 61848K, reserved 1101824K
  class space    used 8114K, capacity 8604K, committed 8624K, reserved 1048576K
GC Heap History (10 events):
Event: 6.218 GC heap before
{Heap before GC invocations=6 (full 1):
 PSYoungGen      total 242688K, used 46123K [0x00000000d5580000, 0x00000000e6a80000, 0x0000000100000000)
  eden space 231936K, 15% used [0x00000000d5580000,0x00000000d780ba40,0x00000000e3800000)
  from space 10752K, 99% used [0x00000000e6000000,0x00000000e6a7f468,0x00000000e6a80000)
  to   space 10752K, 0% used [0x00000000e5580000,0x00000000e5580000,0x00000000e6000000)
 ParOldGen       total 92160K, used 15507K [0x0000000080000000, 0x0000000085a00000, 0x00000000d5580000)
  object space 92160K, 16% used [0x0000000080000000,0x0000000080f24d08,0x0000000085a00000)
 Metaspace       used 34247K, capacity 35412K, committed 35496K, reserved 1079296K
  class space    used 4705K, capacity 5001K, committed 5040K, reserved 1048576K
Event: 6.225 GC heap after
Heap after GC invocations=6 (full 1):
 PSYoungGen      total 272896K, used 8812K [0x00000000d5580000, 0x00000000f0700000, 0x0000000100000000)
  eden space 262144K, 0% used [0x00000000d5580000,0x00000000d5580000,0x00000000e5580000)
  from space 10752K, 81% used [0x00000000e5580000,0x00000000e5e1b120,0x00000000e6000000)
  to   space 16384K, 0% used [0x00000000ef700000,0x00000000ef700000,0x00000000f0700000)
 ParOldGen       total 92160K, used 15515K [0x0000000080000000, 0x0000000085a00000, 0x00000000d5580000)
  object space 92160K, 16% used [0x0000000080000000,0x0000000080f26d08,0x0000000085a00000)
 Metaspace       used 34247K, capacity 35412K, committed 35496K, reserved 1079296K
  class space    used 4705K, capacity 5001K, committed 5040K, reserved 1048576K
}
Event: 6.225 GC heap before
{Heap before GC invocations=7 (full 2):
 PSYoungGen      total 272896K, used 8812K [0x00000000d5580000, 0x00000000f0700000, 0x0000000100000000)
  eden space 262144K, 0% used [0x00000000d5580000,0x00000000d5580000,0x00000000e5580000)
  from space 10752K, 81% used [0x00000000e5580000,0x00000000e5e1b120,0x00000000e6000000)
  to   space 16384K, 0% used [0x00000000ef700000,0x00000000ef700000,0x00000000f0700000)
 ParOldGen       total 92160K, used 15515K [0x0000000080000000, 0x0000000085a00000, 0x00000000d5580000)
  object space 92160K, 16% used [0x0000000080000000,0x0000000080f26d08,0x0000000085a00000)
 Metaspace       used 34247K, capacity 35412K, committed 35496K, reserved 1079296K
  class space    used 4705K, capacity 5001K, committed 5040K, reserved 1048576K
Event: 6.261 GC heap after
Heap after GC invocations=7 (full 2):
 PSYoungGen      total 272896K, used 0K [0x00000000d5580000, 0x00000000f0700000, 0x0000000100000000)
  eden space 262144K, 0% used [0x00000000d5580000,0x00000000d5580000,0x00000000e5580000)
  from space 10752K, 0% used [0x00000000e5580000,0x00000000e5580000,0x00000000e6000000)
  to   space 16384K, 0% used [0x00000000ef700000,0x00000000ef700000,0x00000000f0700000)
 ParOldGen       total 126976K, used 16632K [0x0000000080000000, 0x0000000087c00000, 0x00000000d5580000)
  object space 126976K, 13% used [0x0000000080000000,0x000000008103e078,0x0000000087c00000)
 Metaspace       used 34247K, capacity 35412K, committed 35496K, reserved 1079296K
  class space    used 4705K, capacity 5001K, committed 5040K, reserved 1048576K
}
Event: 8.728 GC heap before
{Heap before GC invocations=8 (full 2):
 PSYoungGen      total 272896K, used 262144K [0x00000000d5580000, 0x00000000f0700000, 0x0000000100000000)
  eden space 262144K, 100% used [0x00000000d5580000,0x00000000e5580000,0x00000000e5580000)
  from space 10752K, 0% used [0x00000000e5580000,0x00000000e5580000,0x00000000e6000000)
  to   space 16384K, 0% used [0x00000000ef700000,0x00000000ef700000,0x00000000f0700000)
 ParOldGen       total 126976K, used 16632K [0x0000000080000000, 0x0000000087c00000, 0x00000000d5580000)
  object space 126976K, 13% used [0x0000000080000000,0x000000008103e078,0x0000000087c00000)
 Metaspace       used 47953K, capacity 49766K, committed 49960K, reserved 1091584K
  class space    used 6447K, capacity 6845K, committed 6960K, reserved 1048576K
Event: 8.743 GC heap after
Heap after GC invocations=8 (full 2):
 PSYoungGen      total 422400K, used 16365K [0x00000000d5580000, 0x00000000f1a00000, 0x0000000100000000)
  eden space 406016K, 0% used [0x00000000d5580000,0x00000000d5580000,0x00000000ee200000)
  from space 16384K, 99% used [0x00000000ef700000,0x00000000f06fb698,0x00000000f0700000)
  to   space 21504K, 0% used [0x00000000ee200000,0x00000000ee200000,0x00000000ef700000)
 ParOldGen       total 126976K, used 20883K [0x0000000080000000, 0x0000000087c00000, 0x00000000d5580000)
  object space 126976K, 16% used [0x0000000080000000,0x0000000081464f60,0x0000000087c00000)
 Metaspace       used 47953K, capacity 49766K, committed 49960K, reserved 1091584K
  class space    used 6447K, capacity 6845K, committed 6960K, reserved 1048576K
}
Event: 9.710 GC heap before
{Heap before GC invocations=9 (full 2):
 PSYoungGen      total 422400K, used 140950K [0x00000000d5580000, 0x00000000f1a00000, 0x0000000100000000)
  eden space 406016K, 30% used [0x00000000d5580000,0x00000000dcf2a3d8,0x00000000ee200000)
  from space 16384K, 99% used [0x00000000ef700000,0x00000000f06fb698,0x00000000f0700000)
  to   space 21504K, 0% used [0x00000000ee200000,0x00000000ee200000,0x00000000ef700000)
 ParOldGen       total 126976K, used 20883K [0x0000000080000000, 0x0000000087c00000, 0x00000000d5580000)
  object space 126976K, 16% used [0x0000000080000000,0x0000000081464f60,0x0000000087c00000)
 Metaspace       used 56839K, capacity 59066K, committed 59160K, reserved 1099776K
  class space    used 7684K, capacity 8174K, committed 8240K, reserved 1048576K
Event: 9.725 GC heap after
Heap after GC invocations=9 (full 2):
 PSYoungGen      total 427520K, used 21502K [0x00000000d5580000, 0x00000000ffa00000, 0x0000000100000000)
  eden space 406016K, 0% used [0x00000000d5580000,0x00000000d5580000,0x00000000ee200000)
  from space 21504K, 99% used [0x00000000ee200000,0x00000000ef6ffaa0,0x00000000ef700000)
  to   space 26112K, 0% used [0x00000000fe080000,0x00000000fe080000,0x00000000ffa00000)
 ParOldGen       total 126976K, used 22569K [0x0000000080000000, 0x0000000087c00000, 0x00000000d5580000)
  object space 126976K, 17% used [0x0000000080000000,0x000000008160a610,0x0000000087c00000)
 Metaspace       used 56839K, capacity 59066K, committed 59160K, reserved 1099776K
  class space    used 7684K, capacity 8174K, committed 8240K, reserved 1048576K
}
Event: 9.725 GC heap before
{Heap before GC invocations=10 (full 3):
 PSYoungGen      total 427520K, used 21502K [0x00000000d5580000, 0x00000000ffa00000, 0x0000000100000000)
  eden space 406016K, 0% used [0x00000000d5580000,0x00000000d5580000,0x00000000ee200000)
  from space 21504K, 99% used [0x00000000ee200000,0x00000000ef6ffaa0,0x00000000ef700000)
  to   space 26112K, 0% used [0x00000000fe080000,0x00000000fe080000,0x00000000ffa00000)
 ParOldGen       total 126976K, used 22569K [0x0000000080000000, 0x0000000087c00000, 0x00000000d5580000)
  object space 126976K, 17% used [0x0000000080000000,0x000000008160a610,0x0000000087c00000)
 Metaspace       used 56839K, capacity 59066K, committed 59160K, reserved 1099776K
  class space    used 7684K, capacity 8174K, committed 8240K, reserved 1048576K
Event: 9.819 GC heap after
Heap after GC invocations=10 (full 3):
 PSYoungGen      total 427520K, used 0K [0x00000000d5580000, 0x00000000ffa00000, 0x0000000100000000)
  eden space 406016K, 0% used [0x00000000d5580000,0x00000000d5580000,0x00000000ee200000)
  from space 21504K, 0% used [0x00000000ee200000,0x00000000ee200000,0x00000000ef700000)
  to   space 26112K, 0% used [0x00000000fe080000,0x00000000fe080000,0x00000000ffa00000)
 ParOldGen       total 126976K, used 35535K [0x0000000080000000, 0x0000000087c00000, 0x00000000d5580000)
  object space 126976K, 27% used [0x0000000080000000,0x00000000822b3f98,0x0000000087c00000)
 Metaspace       used 56836K, capacity 59054K, committed 59160K, reserved 1099776K
  class space    used 7683K, capacity 8172K, committed 8240K, reserved 1048576K
}

